<?xml version="1.0" encoding="UTF-8"?>
<!-- Generated by org.testng.reporters.JUnitReportReporter -->
<testsuite hostname="DESKTOP-UBC2RB5" failures="0" tests="3" name="FaceBookVersion11Test.FacebookLoginTestUsingDataProvider" time="30.023" errors="0" timestamp="2023-03-14T00:03:27 IST" skipped="0">
  <testcase classname="FaceBookVersion11Test.FacebookLoginTestUsingDataProvider" name="VerifyLoginwithDiffCombination" time="8.642"/>
  <system-out/>
  <testcase classname="FaceBookVersion11Test.FacebookLoginTestUsingDataProvider" name="VerifyLoginwithDiffCombination" time="8.110"/>
  <system-out/>
  <testcase classname="FaceBookVersion11Test.FacebookLoginTestUsingDataProvider" name="VerifyLoginwithDiffCombination" time="13.271"/>
  <system-out/>
</testsuite> <!-- FaceBookVersion11Test.FacebookLoginTestUsingDataProvider -->
