<?xml version="1.0" encoding="UTF-8"?>
<!-- Generated by org.testng.reporters.JUnitReportReporter -->
<testsuite hostname="DESKTOP-UBC2RB5" failures="0" tests="2" name="FaceBookVersion11Test.facebookTest" time="10.200" errors="0" timestamp="2023-02-17T00:29:25 IST" skipped="0">
  <testcase classname="FaceBookVersion11Test.facebookTest" name="logintoFacebook" time="0.416"/>
  <system-out/>
  <testcase classname="FaceBookVersion11Test.facebookTest" name="verfiyUserNamefromHomePage" time="9.784"/>
  <system-out>
    <![CDATA[Expected Username : Jenny Joseph
Actual Username : Jenny Joseph]]>
  </system-out>
</testsuite> <!-- FaceBookVersion11Test.facebookTest -->
